09-09 20:30:10 com_github_MitjaNemec_ReplicateLayout.action_replicate_layout 359:Plugin executed on: 'linux'
09-09 20:30:10 com_github_MitjaNemec_ReplicateLayout.action_replicate_layout 360:Plugin executed with python version: '3.11.5 (main, Aug 28 2023, 20:02:58) [GCC 13.2.1 20230801]'
09-09 20:30:10 com_github_MitjaNemec_ReplicateLayout.action_replicate_layout 361:KiCad build version: 7.0.7
09-09 20:30:10 com_github_MitjaNemec_ReplicateLayout.action_replicate_layout 362:Plugin version: 2.0.13
09-09 20:30:10 com_github_MitjaNemec_ReplicateLayout.action_replicate_layout 363:Frame repr: <wx._core.Frame object at 0x7f9980903520>
09-09 20:30:11 com_github_MitjaNemec_ReplicateLayout.action_replicate_layout 387:Preparing replicator with J8 as a reference
09-09 20:30:11 com_github_MitjaNemec_ReplicateLayout.replicate_layout 113:getting a list of all footprints on board
09-09 20:30:11 com_github_MitjaNemec_ReplicateLayout.action_replicate_layout 435:source anchor footprint is 'J8'
Located on: ['Solid State Cell 1']
With filenames: ['SS_Cell.kicad_sch']
With sheet_id:['Solid State Cell 1']
09-09 20:30:11 com_github_MitjaNemec_ReplicateLayout.action_replicate_layout 442:Corresponding footprints are 
[('J10', ['Solid State Cell 3']), ('J9', ['Solid State Cell 2']), ('J8', ['Solid State Cell 1'])]
09-09 20:30:11 com_github_MitjaNemec_ReplicateLayout.action_replicate_layout 454:Showing dialog
09-09 20:30:11 com_github_MitjaNemec_ReplicateLayout.replicate_layout 390:constructing a list of sheets suitable for replication on level:'Solid State Cell 1', file:'SS_Cell.kicad_sch'
09-09 20:30:11 com_github_MitjaNemec_ReplicateLayout.replicate_layout 427:suitable sheets are:[['Solid State Cell 2'], ['Solid State Cell 3']]
09-09 20:30:11 com_github_MitjaNemec_ReplicateLayout.replicate_layout 1349:Level selected: ['Solid State Cell 1']
09-09 20:30:11 com_github_MitjaNemec_ReplicateLayout.replicate_layout 1184:Filtering list of tracks
09-09 20:30:11 com_github_MitjaNemec_ReplicateLayout.action_replicate_layout 460:Toolbar position: wx.Point(3604, 77)
09-09 20:30:11 com_github_MitjaNemec_ReplicateLayout.action_replicate_layout 465:Dialog position: wx.Point(3240, 77)
09-09 20:30:13 com_github_MitjaNemec_ReplicateLayout.replicate_layout 390:constructing a list of sheets suitable for replication on level:'Solid State Cell 1', file:'SS_Cell.kicad_sch'
09-09 20:30:13 com_github_MitjaNemec_ReplicateLayout.replicate_layout 427:suitable sheets are:[['Solid State Cell 2'], ['Solid State Cell 3']]
09-09 20:30:13 com_github_MitjaNemec_ReplicateLayout.action_replicate_layout 207:Replicating layout
09-09 20:30:13 com_github_MitjaNemec_ReplicateLayout.replicate_layout 236:Starting replication of sheets: [['Solid State Cell 2'], ['Solid State Cell 3']]
on level: ['Solid State Cell 1']
with tracks=True, zone=True, text=True, text=True, intersecting=False, remove=False, locked footprints=False, group_only=False
09-09 20:30:13 root 299:updating GUI message: 'Preparing for replication'
09-09 20:30:13 com_github_MitjaNemec_ReplicateLayout.replicate_layout 306:Getting the list of source footprints
09-09 20:30:13 root 304:updating GUI with: 0
09-09 20:30:13 com_github_MitjaNemec_ReplicateLayout.replicate_layout 316:Getting the list of all the remaining footprints
09-09 20:30:13 com_github_MitjaNemec_ReplicateLayout.replicate_layout 323:Getting source tracks
09-09 20:30:13 com_github_MitjaNemec_ReplicateLayout.replicate_layout 1184:Filtering list of tracks
09-09 20:30:13 com_github_MitjaNemec_ReplicateLayout.replicate_layout 327:Getting source zones
09-09 20:30:13 com_github_MitjaNemec_ReplicateLayout.replicate_layout 331:Getting source text items
09-09 20:30:13 com_github_MitjaNemec_ReplicateLayout.replicate_layout 335:Getting source drawing items
09-09 20:30:13 root 299:updating GUI message: 'Replicating footprints'
09-09 20:30:13 com_github_MitjaNemec_ReplicateLayout.replicate_layout 741:Replicating footprints
09-09 20:30:13 com_github_MitjaNemec_ReplicateLayout.replicate_layout 747:Replicating footprints on sheet ['Solid State Cell 2']
09-09 20:30:13 root 304:updating GUI with: 50
09-09 20:30:13 com_github_MitjaNemec_ReplicateLayout.replicate_layout 747:Replicating footprints on sheet ['Solid State Cell 3']
09-09 20:30:13 root 299:updating GUI message: 'Replicating tracks'
09-09 20:30:13 com_github_MitjaNemec_ReplicateLayout.replicate_layout 906:Replicating tracks
09-09 20:30:13 com_github_MitjaNemec_ReplicateLayout.replicate_layout 912:Replicating tracks on sheet ['Solid State Cell 2']
09-09 20:30:13 com_github_MitjaNemec_ReplicateLayout.replicate_layout 736:Net pairs for sheet ['Solid State Cell 2'] :[('Net-(J8-Pin_4)', 'Net-(J9-Pin_4)'), ('VBUS', 'VBUS'), ('', ''), ('/SSC1_TX', '/SSC2_TX'), ('/SSC1_RX', '/SSC2_RX'), ('Net-(Q2-G)', 'Net-(Q3-G)'), ('GNDREF', 'GNDREF'), ('/SSC1_EN', '/SSC2_EN')]
09-09 20:30:13 com_github_MitjaNemec_ReplicateLayout.replicate_layout 912:Replicating tracks on sheet ['Solid State Cell 3']
09-09 20:30:13 com_github_MitjaNemec_ReplicateLayout.replicate_layout 736:Net pairs for sheet ['Solid State Cell 3'] :[('/SSC1_EN', '/SSC3_EN'), ('/SSC1_TX', '/SSC3_TX'), ('VBUS', 'VBUS'), ('', ''), ('/SSC1_RX', '/SSC3_RX'), ('GNDREF', 'GNDREF'), ('Net-(Q2-G)', 'Net-(Q4-G)'), ('Net-(J8-Pin_4)', 'Net-(J10-Pin_4)')]
09-09 20:30:13 root 299:updating GUI message: 'Replicating zones'
09-09 20:30:13 com_github_MitjaNemec_ReplicateLayout.replicate_layout 964:Replicating zones
09-09 20:30:13 com_github_MitjaNemec_ReplicateLayout.replicate_layout 971:Replicating zones on sheet ['Solid State Cell 2']
09-09 20:30:13 com_github_MitjaNemec_ReplicateLayout.replicate_layout 736:Net pairs for sheet ['Solid State Cell 2'] :[('Net-(J8-Pin_4)', 'Net-(J9-Pin_4)'), ('VBUS', 'VBUS'), ('', ''), ('/SSC1_TX', '/SSC2_TX'), ('/SSC1_RX', '/SSC2_RX'), ('Net-(Q2-G)', 'Net-(Q3-G)'), ('GNDREF', 'GNDREF'), ('/SSC1_EN', '/SSC2_EN')]
09-09 20:30:13 com_github_MitjaNemec_ReplicateLayout.replicate_layout 971:Replicating zones on sheet ['Solid State Cell 3']
09-09 20:30:13 com_github_MitjaNemec_ReplicateLayout.replicate_layout 736:Net pairs for sheet ['Solid State Cell 3'] :[('/SSC1_EN', '/SSC3_EN'), ('/SSC1_TX', '/SSC3_TX'), ('VBUS', 'VBUS'), ('', ''), ('/SSC1_RX', '/SSC3_RX'), ('GNDREF', 'GNDREF'), ('Net-(Q2-G)', 'Net-(Q4-G)'), ('Net-(J8-Pin_4)', 'Net-(J10-Pin_4)')]
09-09 20:30:13 root 299:updating GUI message: 'Replicating text'
09-09 20:30:13 com_github_MitjaNemec_ReplicateLayout.replicate_layout 1042:Replicating text
09-09 20:30:13 com_github_MitjaNemec_ReplicateLayout.replicate_layout 1049:Replicating text on sheet ['Solid State Cell 2']
09-09 20:30:13 com_github_MitjaNemec_ReplicateLayout.replicate_layout 1049:Replicating text on sheet ['Solid State Cell 3']
09-09 20:30:13 root 299:updating GUI message: 'Replicating drawings'
09-09 20:30:13 com_github_MitjaNemec_ReplicateLayout.replicate_layout 1082:Replicating drawings
09-09 20:30:13 com_github_MitjaNemec_ReplicateLayout.replicate_layout 1088:Replicating drawings on sheet ['Solid State Cell 2']
09-09 20:30:13 com_github_MitjaNemec_ReplicateLayout.replicate_layout 1088:Replicating drawings on sheet ['Solid State Cell 3']
09-09 20:30:13 root 299:updating GUI message: 'Removing duplicates'
09-09 20:30:14 com_github_MitjaNemec_ReplicateLayout.action_replicate_layout 223:Replication complete
